<?xml version="1.0" encoding="UTF-8"?>
<!-- Generated by org.testng.reporters.JUnitReportReporter -->
<testsuite hostname="DESKTOP-6F4FI55" failures="0" tests="1" name="computer.TC_DWS_010_Test" time="3.603" errors="0" timestamp="2025-05-31T14:53:00 IST" skipped="0">
  <testcase classname="computer.TC_DWS_010_Test" name="clickOnComputers" time="3.603"/>
</testsuite> <!-- computer.TC_DWS_010_Test -->
